<?xml version="1.0" encoding="UTF-8"?>
<testng-results skipped="0" failed="0" ignored="0" total="1" passed="1">
  <reporter-output>
  </reporter-output>
  <suite name="Suite1" duration-ms="7734" started-at="2019-04-23T17:43:00Z" finished-at="2019-04-23T17:43:08Z">
    <groups>
    </groups>
    <test name="Test1" duration-ms="7734" started-at="2019-04-23T17:43:00Z" finished-at="2019-04-23T17:43:08Z">
      <class name="com.abc.Demo_1.Sample_Demo">
        <test-method status="PASS" signature="launch_browser()[pri:0, instance:com.abc.Demo_1.Sample_Demo@91161c7]" name="launch_browser" duration-ms="7696" started-at="2019-04-23T17:43:00Z" finished-at="2019-04-23T17:43:08Z">
          <reporter-output>
          </reporter-output>
        </test-method> <!-- launch_browser -->
      </class> <!-- com.abc.Demo_1.Sample_Demo -->
    </test> <!-- Test1 -->
  </suite> <!-- Suite1 -->
</testng-results>
